


____________________________________________________________________________

1200_004_01.bbones



____________________________________________________________________________

1200_010_01.bbones



____________________________________________________________________________

1200_030_01.bbones



____________________________________________________________________________

1200_070_01.bbones



____________________________________________________________________________

1200_100_01.bbones



____________________________________________________________________________

1200_200_01.bbones



____________________________________________________________________________

1200_300_01.bbones



____________________________________________________________________________

1200_400_01.bbones



____________________________________________________________________________

1200_500_01.bbones



____________________________________________________________________________

1200_600_01.bbones



____________________________________________________________________________

1200_700_01.bbones



____________________________________________________________________________

1200_800_01.bbones



____________________________________________________________________________

1200_ensemble.bbones



____________________________________________________________________________

15_020.bbones



____________________________________________________________________________

15_020B.bbones



____________________________________________________________________________

15_020C.bbones



____________________________________________________________________________

15_020D.bbones



____________________________________________________________________________

15_020E.bbones



____________________________________________________________________________

15_025.bbones



____________________________________________________________________________

15_025B.bbones



____________________________________________________________________________

15_025C.bbones



____________________________________________________________________________

15_025D.bbones



____________________________________________________________________________

15_025E.bbones



____________________________________________________________________________

15_030.bbones



____________________________________________________________________________

15_030B.bbones



____________________________________________________________________________

15_030C.bbones



____________________________________________________________________________

15_030D.bbones



____________________________________________________________________________

15_030E.bbones



____________________________________________________________________________

15_031.bbones



____________________________________________________________________________

15_031B.bbones



____________________________________________________________________________

15_031C.bbones



____________________________________________________________________________

15_031D.bbones



____________________________________________________________________________

15_031E.bbones



____________________________________________________________________________

15_032.bbones



____________________________________________________________________________

15_032B.bbones



____________________________________________________________________________

15_032C.bbones



____________________________________________________________________________

15_032D.bbones



____________________________________________________________________________

15_032E.bbones



____________________________________________________________________________

15_033.bbones



____________________________________________________________________________

15_033B.bbones



____________________________________________________________________________

15_033C.bbones



____________________________________________________________________________

15_033D.bbones



____________________________________________________________________________

15_033E.bbones



____________________________________________________________________________

15_034.bbones



____________________________________________________________________________

15_034B.bbones



____________________________________________________________________________

15_034C.bbones



____________________________________________________________________________

15_034D.bbones



____________________________________________________________________________

15_034E.bbones



____________________________________________________________________________

15_035.bbones



____________________________________________________________________________

15_035B.bbones



____________________________________________________________________________

15_035C.bbones



____________________________________________________________________________

15_035D.bbones



____________________________________________________________________________

15_035E.bbones



____________________________________________________________________________

15_036.bbones



____________________________________________________________________________

15_036B.bbones



____________________________________________________________________________

15_036C.bbones



____________________________________________________________________________

15_036D.bbones



____________________________________________________________________________

15_036E.bbones



____________________________________________________________________________

15_037.bbones



____________________________________________________________________________

15_037B.bbones



____________________________________________________________________________

15_037C.bbones



____________________________________________________________________________

15_037D.bbones



____________________________________________________________________________

15_037E.bbones



____________________________________________________________________________

15_038.bbones



____________________________________________________________________________

15_038B.bbones



____________________________________________________________________________

15_038C.bbones



____________________________________________________________________________

15_038D.bbones



____________________________________________________________________________

15_038E.bbones



____________________________________________________________________________

15_039.bbones



____________________________________________________________________________

15_039B.bbones



____________________________________________________________________________

15_039C.bbones



____________________________________________________________________________

15_039D.bbones



____________________________________________________________________________

15_039E.bbones



____________________________________________________________________________

15_040.bbones



____________________________________________________________________________

15_040B.bbones



____________________________________________________________________________

15_040C.bbones



____________________________________________________________________________

15_040D.bbones



____________________________________________________________________________

15_040E.bbones



____________________________________________________________________________

15_041.bbones



____________________________________________________________________________

15_041B.bbones



____________________________________________________________________________

15_041C.bbones



____________________________________________________________________________

15_041D.bbones



____________________________________________________________________________

15_041E.bbones



____________________________________________________________________________

15_042.bbones



____________________________________________________________________________

15_042B.bbones



____________________________________________________________________________

15_042C.bbones



____________________________________________________________________________

15_042D.bbones



____________________________________________________________________________

15_042E.bbones



____________________________________________________________________________

15_043.bbones



____________________________________________________________________________

15_043B.bbones



____________________________________________________________________________

15_043C.bbones



____________________________________________________________________________

15_043D.bbones



____________________________________________________________________________

15_043E.bbones



____________________________________________________________________________

15_044.bbones



____________________________________________________________________________

15_044B.bbones



____________________________________________________________________________

15_044C.bbones



____________________________________________________________________________

15_044D.bbones



____________________________________________________________________________

15_044E.bbones



____________________________________________________________________________

15_045.bbones



____________________________________________________________________________

15_045B.bbones



____________________________________________________________________________

15_045C.bbones



____________________________________________________________________________

15_045D.bbones



____________________________________________________________________________

15_045E.bbones



____________________________________________________________________________

15_046.bbones



____________________________________________________________________________

15_046B.bbones



____________________________________________________________________________

15_046C.bbones



____________________________________________________________________________

15_046D.bbones



____________________________________________________________________________

15_046E.bbones



____________________________________________________________________________

15_047.bbones



____________________________________________________________________________

15_047B.bbones



____________________________________________________________________________

15_047C.bbones



____________________________________________________________________________

15_047D.bbones



____________________________________________________________________________

15_047E.bbones



____________________________________________________________________________

15_048.bbones



____________________________________________________________________________

15_048B.bbones



____________________________________________________________________________

15_048C.bbones



____________________________________________________________________________

15_048D.bbones



____________________________________________________________________________

15_048E.bbones



____________________________________________________________________________

15_049.bbones



____________________________________________________________________________

15_049B.bbones



____________________________________________________________________________

15_049C.bbones



____________________________________________________________________________

15_049D.bbones



____________________________________________________________________________

15_049E.bbones



____________________________________________________________________________

15_050.bbones



____________________________________________________________________________

15_050B.bbones



____________________________________________________________________________

15_050C.bbones



____________________________________________________________________________

15_050D.bbones



____________________________________________________________________________

15_050E.bbones



____________________________________________________________________________

15_100.bbones



____________________________________________________________________________

15_100B.bbones



____________________________________________________________________________

15_100C.bbones



____________________________________________________________________________

15_100D.bbones



____________________________________________________________________________

15_100E.bbones



____________________________________________________________________________

15_140.bbones



____________________________________________________________________________

15_140B.bbones



____________________________________________________________________________

15_140C.bbones



____________________________________________________________________________

15_140D.bbones



____________________________________________________________________________

15_140E.bbones



____________________________________________________________________________

800_004_01.bbones



____________________________________________________________________________

800_004_02.bbones



____________________________________________________________________________

800_004_03.bbones



____________________________________________________________________________

800_004_04.bbones



____________________________________________________________________________

800_010_01.bbones



____________________________________________________________________________

800_010_02.bbones



____________________________________________________________________________

800_010_03.bbones



____________________________________________________________________________

800_010_04.bbones



____________________________________________________________________________

800_030_01.bbones



____________________________________________________________________________

800_030_02.bbones



____________________________________________________________________________

800_030_03.bbones



____________________________________________________________________________

800_030_04.bbones



____________________________________________________________________________

800_300_01.bbones



____________________________________________________________________________

800_300_02.bbones



____________________________________________________________________________

800_300_03.bbones



____________________________________________________________________________

800_300_04.bbones



____________________________________________________________________________

800_400_01.bbones



____________________________________________________________________________

800_400_02.bbones



____________________________________________________________________________

800_400_03.bbones



____________________________________________________________________________

800_400_04.bbones



____________________________________________________________________________

800_ensemble.bbones



____________________________________________________________________________

Serie_a0xx.bbones



____________________________________________________________________________

enunciado_A1_01.bbones



____________________________________________________________________________

enunciado_B1_01.bbones



____________________________________________________________________________

enunciado_B1_02.bbones



____________________________________________________________________________

enunciado_B1_03.bbones



____________________________________________________________________________

enunciado_B1_04.bbones



____________________________________________________________________________

enunciado_B1_05.bbones



____________________________________________________________________________

enunciado_B1_06.bbones



____________________________________________________________________________

enunciado_B1_07.bbones



____________________________________________________________________________

enunciado_B1_08.bbones



____________________________________________________________________________

enunciado_B1_09.bbones



____________________________________________________________________________

enunciado_B1_10.bbones



____________________________________________________________________________

enunciado_B1_11.bbones



____________________________________________________________________________

enunciado_B1_12.bbones



____________________________________________________________________________

enunciado_C1_01.bbones



____________________________________________________________________________

enunciado_C1_02.bbones



____________________________________________________________________________

enunciado_C1_03.bbones



____________________________________________________________________________

enunciado_C1_04.bbones



____________________________________________________________________________

enunciado_C1_05.bbones



____________________________________________________________________________

enunciado_C1_06.bbones



____________________________________________________________________________

enunciado_C1_07.bbones



____________________________________________________________________________

enunciado_C1_08.bbones



____________________________________________________________________________

enunciado_C1_09.bbones



____________________________________________________________________________

enunciado_C1_10.bbones



____________________________________________________________________________

enunciado_C1_11.bbones



____________________________________________________________________________

enunciado_C1_12.bbones



____________________________________________________________________________

enunciado_D1_01.bbones



____________________________________________________________________________

enunciado_D1_02.bbones



____________________________________________________________________________

enunciado_D1_03.bbones



____________________________________________________________________________

enunciado_D1_04.bbones



____________________________________________________________________________

enunciado_D1_05.bbones



____________________________________________________________________________

enunciado_D1_06.bbones



____________________________________________________________________________

enunciado_D1_07.bbones



____________________________________________________________________________

enunciado_D1_08.bbones



____________________________________________________________________________

enunciado_D1_09.bbones



____________________________________________________________________________

enunciado_D1_10.bbones



____________________________________________________________________________

enunciado_E1_01.bbones



____________________________________________________________________________

enunciado_ensemble.bbones



____________________________________________________________________________

